
*** Running vivado
    with args -log top_bd_xlconstant_0_0.vds -m64 -product Vivado -mode batch -messageDb vivado.pb -notrace -source top_bd_xlconstant_0_0.tcl


****** Vivado v2017.2 (64-bit)
  **** SW Build 1909853 on Thu Jun 15 18:39:09 MDT 2017
  **** IP Build 1909766 on Thu Jun 15 19:58:00 MDT 2017
    ** Copyright 1986-2017 Xilinx, Inc. All Rights Reserved.

source top_bd_xlconstant_0_0.tcl -notrace
Starting RTL Elaboration : Time (s): cpu = 00:00:05 ; elapsed = 00:00:05 . Memory (MB): peak = 326.281 ; gain = 80.551
INFO: [Synth 8-638] synthesizing module 'top_bd_xlconstant_0_0' [d:/Projects/PSoC_3ph_f2f/vivado/3ph_f2f_dq_rev0/3ph_f2f_dq_prj/3ph_f2f_dq_prj.srcs/sources_1/bd/top_bd/ip/top_bd_xlconstant_0_0/synth/top_bd_xlconstant_0_0.v:57]
INFO: [Synth 8-638] synthesizing module 'xlconstant_v1_1_3_xlconstant' [d:/Projects/PSoC_3ph_f2f/vivado/3ph_f2f_dq_rev0/3ph_f2f_dq_prj/3ph_f2f_dq_prj.srcs/sources_1/bd/top_bd/ipshared/45df/hdl/xlconstant_v1_1_vl_rfs.v:23]
INFO: [Synth 8-256] done synthesizing module 'xlconstant_v1_1_3_xlconstant' (1#1) [d:/Projects/PSoC_3ph_f2f/vivado/3ph_f2f_dq_rev0/3ph_f2f_dq_prj/3ph_f2f_dq_prj.srcs/sources_1/bd/top_bd/ipshared/45df/hdl/xlconstant_v1_1_vl_rfs.v:23]
INFO: [Synth 8-256] done synthesizing module 'top_bd_xlconstant_0_0' (2#1) [d:/Projects/PSoC_3ph_f2f/vivado/3ph_f2f_dq_rev0/3ph_f2f_dq_prj/3ph_f2f_dq_prj.srcs/sources_1/bd/top_bd/ip/top_bd_xlconstant_0_0/synth/top_bd_xlconstant_0_0.v:57]
Finished RTL Elaboration : Time (s): cpu = 00:00:06 ; elapsed = 00:00:07 . Memory (MB): peak = 366.363 ; gain = 120.633
Finished RTL Optimization Phase 1 : Time (s): cpu = 00:00:06 ; elapsed = 00:00:07 . Memory (MB): peak = 366.363 ; gain = 120.633
INFO: [Device 21-403] Loading part xc7z010clg400-1
Constraint Validation Runtime : Time (s): cpu = 00:00:00 ; elapsed = 00:00:00.017 . Memory (MB): peak = 563.805 ; gain = 0.000
Finished Constraint Validation : Time (s): cpu = 00:00:19 ; elapsed = 00:00:22 . Memory (MB): peak = 563.805 ; gain = 318.074
Finished Loading Part and Timing Information : Time (s): cpu = 00:00:19 ; elapsed = 00:00:22 . Memory (MB): peak = 563.805 ; gain = 318.074
Finished applying 'set_property' XDC Constraints : Time (s): cpu = 00:00:19 ; elapsed = 00:00:22 . Memory (MB): peak = 563.805 ; gain = 318.074
Finished RTL Optimization Phase 2 : Time (s): cpu = 00:00:19 ; elapsed = 00:00:22 . Memory (MB): peak = 563.805 ; gain = 318.074
Finished Cross Boundary and Area Optimization : Time (s): cpu = 00:00:19 ; elapsed = 00:00:23 . Memory (MB): peak = 563.805 ; gain = 318.074
Finished Applying XDC Timing Constraints : Time (s): cpu = 00:00:37 ; elapsed = 00:00:41 . Memory (MB): peak = 608.773 ; gain = 363.043
Finished Timing Optimization : Time (s): cpu = 00:00:37 ; elapsed = 00:00:41 . Memory (MB): peak = 608.773 ; gain = 363.043
Finished Technology Mapping : Time (s): cpu = 00:00:37 ; elapsed = 00:00:41 . Memory (MB): peak = 618.918 ; gain = 373.188
Finished IO Insertion : Time (s): cpu = 00:00:38 ; elapsed = 00:00:42 . Memory (MB): peak = 618.918 ; gain = 373.188
Finished Renaming Generated Instances : Time (s): cpu = 00:00:38 ; elapsed = 00:00:42 . Memory (MB): peak = 618.918 ; gain = 373.188
Finished Rebuilding User Hierarchy : Time (s): cpu = 00:00:38 ; elapsed = 00:00:42 . Memory (MB): peak = 618.918 ; gain = 373.188
Finished Renaming Generated Ports : Time (s): cpu = 00:00:38 ; elapsed = 00:00:42 . Memory (MB): peak = 618.918 ; gain = 373.188
Finished Handling Custom Attributes : Time (s): cpu = 00:00:38 ; elapsed = 00:00:42 . Memory (MB): peak = 618.918 ; gain = 373.188
Finished Renaming Generated Nets : Time (s): cpu = 00:00:38 ; elapsed = 00:00:42 . Memory (MB): peak = 618.918 ; gain = 373.188

Report Cell Usage: 
+-+-----+------+
| |Cell |Count |
+-+-----+------+
+-+-----+------+
Finished Writing Synthesis Report : Time (s): cpu = 00:00:38 ; elapsed = 00:00:42 . Memory (MB): peak = 618.918 ; gain = 373.188
synth_design: Time (s): cpu = 00:00:40 ; elapsed = 00:00:44 . Memory (MB): peak = 635.516 ; gain = 389.785
