
*** Running vivado
    with args -log top_bd_xlslice_0_0.vds -m64 -product Vivado -mode batch -messageDb vivado.pb -notrace -source top_bd_xlslice_0_0.tcl


****** Vivado v2017.2 (64-bit)
  **** SW Build 1909853 on Thu Jun 15 18:39:09 MDT 2017
  **** IP Build 1909766 on Thu Jun 15 19:58:00 MDT 2017
    ** Copyright 1986-2017 Xilinx, Inc. All Rights Reserved.

source top_bd_xlslice_0_0.tcl -notrace
Starting RTL Elaboration : Time (s): cpu = 00:00:04 ; elapsed = 00:00:05 . Memory (MB): peak = 326.555 ; gain = 80.461
INFO: [Synth 8-638] synthesizing module 'top_bd_xlslice_0_0' [d:/Projects/PSoC_3ph_f2f/vivado/3ph_f2f_dq_rev0/3ph_f2f_dq_prj/3ph_f2f_dq_prj.srcs/sources_1/bd/top_bd/ip/top_bd_xlslice_0_0/synth/top_bd_xlslice_0_0.v:57]
INFO: [Synth 8-638] synthesizing module 'xlslice_v1_0_1_xlslice' [d:/Projects/PSoC_3ph_f2f/vivado/3ph_f2f_dq_rev0/3ph_f2f_dq_prj/3ph_f2f_dq_prj.srcs/sources_1/bd/top_bd/ipshared/bb23/hdl/xlslice_v1_0_vl_rfs.v:13]
INFO: [Synth 8-256] done synthesizing module 'xlslice_v1_0_1_xlslice' (1#1) [d:/Projects/PSoC_3ph_f2f/vivado/3ph_f2f_dq_rev0/3ph_f2f_dq_prj/3ph_f2f_dq_prj.srcs/sources_1/bd/top_bd/ipshared/bb23/hdl/xlslice_v1_0_vl_rfs.v:13]
INFO: [Synth 8-256] done synthesizing module 'top_bd_xlslice_0_0' (2#1) [d:/Projects/PSoC_3ph_f2f/vivado/3ph_f2f_dq_rev0/3ph_f2f_dq_prj/3ph_f2f_dq_prj.srcs/sources_1/bd/top_bd/ip/top_bd_xlslice_0_0/synth/top_bd_xlslice_0_0.v:57]
Finished RTL Elaboration : Time (s): cpu = 00:00:05 ; elapsed = 00:00:05 . Memory (MB): peak = 366.637 ; gain = 120.543
Finished RTL Optimization Phase 1 : Time (s): cpu = 00:00:05 ; elapsed = 00:00:06 . Memory (MB): peak = 366.637 ; gain = 120.543
INFO: [Device 21-403] Loading part xc7z010clg400-1
Constraint Validation Runtime : Time (s): cpu = 00:00:00 ; elapsed = 00:00:00.014 . Memory (MB): peak = 568.406 ; gain = 0.000
Finished Constraint Validation : Time (s): cpu = 00:00:15 ; elapsed = 00:00:16 . Memory (MB): peak = 568.406 ; gain = 322.313
Finished Loading Part and Timing Information : Time (s): cpu = 00:00:15 ; elapsed = 00:00:16 . Memory (MB): peak = 568.406 ; gain = 322.313
Finished applying 'set_property' XDC Constraints : Time (s): cpu = 00:00:15 ; elapsed = 00:00:16 . Memory (MB): peak = 568.406 ; gain = 322.313
Finished RTL Optimization Phase 2 : Time (s): cpu = 00:00:15 ; elapsed = 00:00:16 . Memory (MB): peak = 568.406 ; gain = 322.313
Finished Cross Boundary and Area Optimization : Time (s): cpu = 00:00:16 ; elapsed = 00:00:17 . Memory (MB): peak = 568.406 ; gain = 322.313
Finished Applying XDC Timing Constraints : Time (s): cpu = 00:00:29 ; elapsed = 00:00:30 . Memory (MB): peak = 610.059 ; gain = 363.965
Finished Timing Optimization : Time (s): cpu = 00:00:29 ; elapsed = 00:00:30 . Memory (MB): peak = 610.059 ; gain = 363.965
Finished Technology Mapping : Time (s): cpu = 00:00:29 ; elapsed = 00:00:30 . Memory (MB): peak = 619.199 ; gain = 373.105
Finished IO Insertion : Time (s): cpu = 00:00:30 ; elapsed = 00:00:31 . Memory (MB): peak = 619.199 ; gain = 373.105
Finished Renaming Generated Instances : Time (s): cpu = 00:00:30 ; elapsed = 00:00:31 . Memory (MB): peak = 619.199 ; gain = 373.105
Finished Rebuilding User Hierarchy : Time (s): cpu = 00:00:30 ; elapsed = 00:00:31 . Memory (MB): peak = 619.199 ; gain = 373.105
Finished Renaming Generated Ports : Time (s): cpu = 00:00:30 ; elapsed = 00:00:31 . Memory (MB): peak = 619.199 ; gain = 373.105
Finished Handling Custom Attributes : Time (s): cpu = 00:00:30 ; elapsed = 00:00:31 . Memory (MB): peak = 619.199 ; gain = 373.105
Finished Renaming Generated Nets : Time (s): cpu = 00:00:30 ; elapsed = 00:00:31 . Memory (MB): peak = 619.199 ; gain = 373.105

Report Cell Usage: 
+-+-----+------+
| |Cell |Count |
+-+-----+------+
+-+-----+------+
Finished Writing Synthesis Report : Time (s): cpu = 00:00:30 ; elapsed = 00:00:31 . Memory (MB): peak = 619.199 ; gain = 373.105
synth_design: Time (s): cpu = 00:00:31 ; elapsed = 00:00:32 . Memory (MB): peak = 632.727 ; gain = 387.262
