
*** Running vivado
    with args -log pll_abc2alphaBeta2dq_0_0.vds -m64 -product Vivado -mode batch -messageDb vivado.pb -notrace -source pll_abc2alphaBeta2dq_0_0.tcl


****** Vivado v2017.2 (64-bit)
  **** SW Build 1909853 on Thu Jun 15 18:39:09 MDT 2017
  **** IP Build 1909766 on Thu Jun 15 19:58:00 MDT 2017
    ** Copyright 1986-2017 Xilinx, Inc. All Rights Reserved.

source pll_abc2alphaBeta2dq_0_0.tcl -notrace
Command: synth_design -top pll_abc2alphaBeta2dq_0_0 -part xc7z010clg400-1 -mode out_of_context
Starting synth_design
Attempting to get a license for feature 'Synthesis' and/or device 'xc7z010-clg400'
INFO: [Common 17-349] Got license for feature 'Synthesis' and/or device 'xc7z010-clg400'
INFO: Launching helper process for spawning children vivado processes
INFO: Helper process launched with PID 6488 
---------------------------------------------------------------------------------
Starting RTL Elaboration : Time (s): cpu = 00:00:04 ; elapsed = 00:00:04 . Memory (MB): peak = 325.156 ; gain = 79.281
---------------------------------------------------------------------------------
INFO: [Synth 8-638] synthesizing module 'pll_abc2alphaBeta2dq_0_0' [d:/Projects/PSoC_3ph_f2f/vivado/3ph_f2f_dq_rev0/3ph_f2f_dq_prj/3ph_f2f_dq_prj.srcs/sources_1/bd/pll/ip/pll_abc2alphaBeta2dq_0_0/synth/pll_abc2alphaBeta2dq_0_0.vhd:76]
INFO: [Synth 8-3491] module 'abc2alphaBeta2dq' declared at 'd:/Projects/PSoC_3ph_f2f/vivado/3ph_f2f_dq_rev0/3ph_f2f_dq_prj/3ph_f2f_dq_prj.srcs/sources_1/bd/pll/ipshared/0010/hdl/vhdl/abc2alphaBeta2dq.vhd:12' bound to instance 'U0' of component 'abc2alphaBeta2dq' [d:/Projects/PSoC_3ph_f2f/vivado/3ph_f2f_dq_rev0/3ph_f2f_dq_prj/3ph_f2f_dq_prj.srcs/sources_1/bd/pll/ip/pll_abc2alphaBeta2dq_0_0/synth/pll_abc2alphaBeta2dq_0_0.vhd:119]
INFO: [Synth 8-638] synthesizing module 'abc2alphaBeta2dq' [d:/Projects/PSoC_3ph_f2f/vivado/3ph_f2f_dq_rev0/3ph_f2f_dq_prj/3ph_f2f_dq_prj.srcs/sources_1/bd/pll/ipshared/0010/hdl/vhdl/abc2alphaBeta2dq.vhd:32]
INFO: [Synth 8-5534] Detected attribute (* fsm_encoding = "none" *) [d:/Projects/PSoC_3ph_f2f/vivado/3ph_f2f_dq_rev0/3ph_f2f_dq_prj/3ph_f2f_dq_prj.srcs/sources_1/bd/pll/ipshared/0010/hdl/vhdl/abc2alphaBeta2dq.vhd:80]
INFO: [Synth 8-5534] Detected attribute (* fsm_encoding = "none" *) [d:/Projects/PSoC_3ph_f2f/vivado/3ph_f2f_dq_rev0/3ph_f2f_dq_prj/3ph_f2f_dq_prj.srcs/sources_1/bd/pll/ipshared/0010/hdl/vhdl/abc2alphaBeta2dq.vhd:83]
INFO: [Synth 8-5534] Detected attribute (* fsm_encoding = "none" *) [d:/Projects/PSoC_3ph_f2f/vivado/3ph_f2f_dq_rev0/3ph_f2f_dq_prj/3ph_f2f_dq_prj.srcs/sources_1/bd/pll/ipshared/0010/hdl/vhdl/abc2alphaBeta2dq.vhd:111]
INFO: [Synth 8-5534] Detected attribute (* fsm_encoding = "none" *) [d:/Projects/PSoC_3ph_f2f/vivado/3ph_f2f_dq_rev0/3ph_f2f_dq_prj/3ph_f2f_dq_prj.srcs/sources_1/bd/pll/ipshared/0010/hdl/vhdl/abc2alphaBeta2dq.vhd:134]
INFO: [Synth 8-5534] Detected attribute (* fsm_encoding = "none" *) [d:/Projects/PSoC_3ph_f2f/vivado/3ph_f2f_dq_rev0/3ph_f2f_dq_prj/3ph_f2f_dq_prj.srcs/sources_1/bd/pll/ipshared/0010/hdl/vhdl/abc2alphaBeta2dq.vhd:148]
INFO: [Synth 8-5534] Detected attribute (* fsm_encoding = "none" *) [d:/Projects/PSoC_3ph_f2f/vivado/3ph_f2f_dq_rev0/3ph_f2f_dq_prj/3ph_f2f_dq_prj.srcs/sources_1/bd/pll/ipshared/0010/hdl/vhdl/abc2alphaBeta2dq.vhd:158]
INFO: [Synth 8-5534] Detected attribute (* use_dsp48 = "no" *) [d:/Projects/PSoC_3ph_f2f/vivado/3ph_f2f_dq_rev0/3ph_f2f_dq_prj/3ph_f2f_dq_prj.srcs/sources_1/bd/pll/ipshared/0010/hdl/vhdl/abc2alphaBeta2dq.vhd:172]
INFO: [Synth 8-5534] Detected attribute (* fsm_encoding = "none" *) [d:/Projects/PSoC_3ph_f2f/vivado/3ph_f2f_dq_rev0/3ph_f2f_dq_prj/3ph_f2f_dq_prj.srcs/sources_1/bd/pll/ipshared/0010/hdl/vhdl/abc2alphaBeta2dq.vhd:176]
INFO: [Synth 8-5534] Detected attribute (* fsm_encoding = "none" *) [d:/Projects/PSoC_3ph_f2f/vivado/3ph_f2f_dq_rev0/3ph_f2f_dq_prj/3ph_f2f_dq_prj.srcs/sources_1/bd/pll/ipshared/0010/hdl/vhdl/abc2alphaBeta2dq.vhd:203]
INFO: [Synth 8-5534] Detected attribute (* fsm_encoding = "none" *) [d:/Projects/PSoC_3ph_f2f/vivado/3ph_f2f_dq_rev0/3ph_f2f_dq_prj/3ph_f2f_dq_prj.srcs/sources_1/bd/pll/ipshared/0010/hdl/vhdl/abc2alphaBeta2dq.vhd:215]
INFO: [Synth 8-5534] Detected attribute (* fsm_encoding = "none" *) [d:/Projects/PSoC_3ph_f2f/vivado/3ph_f2f_dq_rev0/3ph_f2f_dq_prj/3ph_f2f_dq_prj.srcs/sources_1/bd/pll/ipshared/0010/hdl/vhdl/abc2alphaBeta2dq.vhd:319]
WARNING: [Synth 8-5974] attribute "use_dsp48" has been deprecated, please use "use_dsp" instead 
	Parameter ID bound to: 1 - type: integer 
	Parameter NUM_STAGE bound to: 1 - type: integer 
	Parameter din0_WIDTH bound to: 16 - type: integer 
	Parameter din1_WIDTH bound to: 16 - type: integer 
	Parameter din2_WIDTH bound to: 13 - type: integer 
	Parameter dout_WIDTH bound to: 30 - type: integer 
INFO: [Synth 8-3491] module 'abc2alphaBeta2dq_bkb' declared at 'd:/Projects/PSoC_3ph_f2f/vivado/3ph_f2f_dq_rev0/3ph_f2f_dq_prj/3ph_f2f_dq_prj.srcs/sources_1/bd/pll/ipshared/0010/hdl/vhdl/abc2alphaBeta2dq_bkb.vhd:42' bound to instance 'abc2alphaBeta2dq_bkb_U0' of component 'abc2alphaBeta2dq_bkb' [d:/Projects/PSoC_3ph_f2f/vivado/3ph_f2f_dq_rev0/3ph_f2f_dq_prj/3ph_f2f_dq_prj.srcs/sources_1/bd/pll/ipshared/0010/hdl/vhdl/abc2alphaBeta2dq.vhd:372]
INFO: [Synth 8-638] synthesizing module 'abc2alphaBeta2dq_bkb' [d:/Projects/PSoC_3ph_f2f/vivado/3ph_f2f_dq_rev0/3ph_f2f_dq_prj/3ph_f2f_dq_prj.srcs/sources_1/bd/pll/ipshared/0010/hdl/vhdl/abc2alphaBeta2dq_bkb.vhd:57]
	Parameter ID bound to: 1 - type: integer 
	Parameter NUM_STAGE bound to: 1 - type: integer 
	Parameter din0_WIDTH bound to: 16 - type: integer 
	Parameter din1_WIDTH bound to: 16 - type: integer 
	Parameter din2_WIDTH bound to: 13 - type: integer 
	Parameter dout_WIDTH bound to: 30 - type: integer 
INFO: [Synth 8-3491] module 'abc2alphaBeta2dq_bkb_DSP48_0' declared at 'd:/Projects/PSoC_3ph_f2f/vivado/3ph_f2f_dq_rev0/3ph_f2f_dq_prj/3ph_f2f_dq_prj.srcs/sources_1/bd/pll/ipshared/0010/hdl/vhdl/abc2alphaBeta2dq_bkb.vhd:12' bound to instance 'abc2alphaBeta2dq_bkb_DSP48_0_U' of component 'abc2alphaBeta2dq_bkb_DSP48_0' [d:/Projects/PSoC_3ph_f2f/vivado/3ph_f2f_dq_rev0/3ph_f2f_dq_prj/3ph_f2f_dq_prj.srcs/sources_1/bd/pll/ipshared/0010/hdl/vhdl/abc2alphaBeta2dq_bkb.vhd:69]
INFO: [Synth 8-638] synthesizing module 'abc2alphaBeta2dq_bkb_DSP48_0' [d:/Projects/PSoC_3ph_f2f/vivado/3ph_f2f_dq_rev0/3ph_f2f_dq_prj/3ph_f2f_dq_prj.srcs/sources_1/bd/pll/ipshared/0010/hdl/vhdl/abc2alphaBeta2dq_bkb.vhd:21]
INFO: [Synth 8-256] done synthesizing module 'abc2alphaBeta2dq_bkb_DSP48_0' (1#1) [d:/Projects/PSoC_3ph_f2f/vivado/3ph_f2f_dq_rev0/3ph_f2f_dq_prj/3ph_f2f_dq_prj.srcs/sources_1/bd/pll/ipshared/0010/hdl/vhdl/abc2alphaBeta2dq_bkb.vhd:21]
INFO: [Synth 8-256] done synthesizing module 'abc2alphaBeta2dq_bkb' (2#1) [d:/Projects/PSoC_3ph_f2f/vivado/3ph_f2f_dq_rev0/3ph_f2f_dq_prj/3ph_f2f_dq_prj.srcs/sources_1/bd/pll/ipshared/0010/hdl/vhdl/abc2alphaBeta2dq_bkb.vhd:57]
	Parameter ID bound to: 1 - type: integer 
	Parameter NUM_STAGE bound to: 1 - type: integer 
	Parameter din0_WIDTH bound to: 16 - type: integer 
	Parameter din1_WIDTH bound to: 16 - type: integer 
	Parameter dout_WIDTH bound to: 32 - type: integer 
INFO: [Synth 8-3491] module 'abc2alphaBeta2dq_cud' declared at 'd:/Projects/PSoC_3ph_f2f/vivado/3ph_f2f_dq_rev0/3ph_f2f_dq_prj/3ph_f2f_dq_prj.srcs/sources_1/bd/pll/ipshared/0010/hdl/vhdl/abc2alphaBeta2dq_cud.vhd:36' bound to instance 'abc2alphaBeta2dq_cud_U1' of component 'abc2alphaBeta2dq_cud' [d:/Projects/PSoC_3ph_f2f/vivado/3ph_f2f_dq_rev0/3ph_f2f_dq_prj/3ph_f2f_dq_prj.srcs/sources_1/bd/pll/ipshared/0010/hdl/vhdl/abc2alphaBeta2dq.vhd:386]
INFO: [Synth 8-638] synthesizing module 'abc2alphaBeta2dq_cud' [d:/Projects/PSoC_3ph_f2f/vivado/3ph_f2f_dq_rev0/3ph_f2f_dq_prj/3ph_f2f_dq_prj.srcs/sources_1/bd/pll/ipshared/0010/hdl/vhdl/abc2alphaBeta2dq_cud.vhd:49]
	Parameter ID bound to: 1 - type: integer 
	Parameter NUM_STAGE bound to: 1 - type: integer 
	Parameter din0_WIDTH bound to: 16 - type: integer 
	Parameter din1_WIDTH bound to: 16 - type: integer 
	Parameter dout_WIDTH bound to: 32 - type: integer 
INFO: [Synth 8-3491] module 'abc2alphaBeta2dq_cud_DSP48_1' declared at 'd:/Projects/PSoC_3ph_f2f/vivado/3ph_f2f_dq_rev0/3ph_f2f_dq_prj/3ph_f2f_dq_prj.srcs/sources_1/bd/pll/ipshared/0010/hdl/vhdl/abc2alphaBeta2dq_cud.vhd:6' bound to instance 'abc2alphaBeta2dq_cud_DSP48_1_U' of component 'abc2alphaBeta2dq_cud_DSP48_1' [d:/Projects/PSoC_3ph_f2f/vivado/3ph_f2f_dq_rev0/3ph_f2f_dq_prj/3ph_f2f_dq_prj.srcs/sources_1/bd/pll/ipshared/0010/hdl/vhdl/abc2alphaBeta2dq_cud.vhd:60]
INFO: [Synth 8-638] synthesizing module 'abc2alphaBeta2dq_cud_DSP48_1' [d:/Projects/PSoC_3ph_f2f/vivado/3ph_f2f_dq_rev0/3ph_f2f_dq_prj/3ph_f2f_dq_prj.srcs/sources_1/bd/pll/ipshared/0010/hdl/vhdl/abc2alphaBeta2dq_cud.vhd:14]
INFO: [Synth 8-5534] Detected attribute (* keep = "true" *) [d:/Projects/PSoC_3ph_f2f/vivado/3ph_f2f_dq_rev0/3ph_f2f_dq_prj/3ph_f2f_dq_prj.srcs/sources_1/bd/pll/ipshared/0010/hdl/vhdl/abc2alphaBeta2dq_cud.vhd:15]
INFO: [Synth 8-5534] Detected attribute (* keep = "true" *) [d:/Projects/PSoC_3ph_f2f/vivado/3ph_f2f_dq_rev0/3ph_f2f_dq_prj/3ph_f2f_dq_prj.srcs/sources_1/bd/pll/ipshared/0010/hdl/vhdl/abc2alphaBeta2dq_cud.vhd:16]
INFO: [Synth 8-5534] Detected attribute (* keep = "true" *) [d:/Projects/PSoC_3ph_f2f/vivado/3ph_f2f_dq_rev0/3ph_f2f_dq_prj/3ph_f2f_dq_prj.srcs/sources_1/bd/pll/ipshared/0010/hdl/vhdl/abc2alphaBeta2dq_cud.vhd:17]
INFO: [Synth 8-256] done synthesizing module 'abc2alphaBeta2dq_cud_DSP48_1' (3#1) [d:/Projects/PSoC_3ph_f2f/vivado/3ph_f2f_dq_rev0/3ph_f2f_dq_prj/3ph_f2f_dq_prj.srcs/sources_1/bd/pll/ipshared/0010/hdl/vhdl/abc2alphaBeta2dq_cud.vhd:14]
INFO: [Synth 8-256] done synthesizing module 'abc2alphaBeta2dq_cud' (4#1) [d:/Projects/PSoC_3ph_f2f/vivado/3ph_f2f_dq_rev0/3ph_f2f_dq_prj/3ph_f2f_dq_prj.srcs/sources_1/bd/pll/ipshared/0010/hdl/vhdl/abc2alphaBeta2dq_cud.vhd:49]
	Parameter ID bound to: 1 - type: integer 
	Parameter NUM_STAGE bound to: 1 - type: integer 
	Parameter din0_WIDTH bound to: 16 - type: integer 
	Parameter din1_WIDTH bound to: 16 - type: integer 
	Parameter dout_WIDTH bound to: 32 - type: integer 
INFO: [Synth 8-3491] module 'abc2alphaBeta2dq_cud' declared at 'd:/Projects/PSoC_3ph_f2f/vivado/3ph_f2f_dq_rev0/3ph_f2f_dq_prj/3ph_f2f_dq_prj.srcs/sources_1/bd/pll/ipshared/0010/hdl/vhdl/abc2alphaBeta2dq_cud.vhd:36' bound to instance 'abc2alphaBeta2dq_cud_U2' of component 'abc2alphaBeta2dq_cud' [d:/Projects/PSoC_3ph_f2f/vivado/3ph_f2f_dq_rev0/3ph_f2f_dq_prj/3ph_f2f_dq_prj.srcs/sources_1/bd/pll/ipshared/0010/hdl/vhdl/abc2alphaBeta2dq.vhd:398]
	Parameter ID bound to: 1 - type: integer 
	Parameter NUM_STAGE bound to: 1 - type: integer 
	Parameter din0_WIDTH bound to: 16 - type: integer 
	Parameter din1_WIDTH bound to: 16 - type: integer 
	Parameter dout_WIDTH bound to: 32 - type: integer 
INFO: [Synth 8-3491] module 'abc2alphaBeta2dq_cud' declared at 'd:/Projects/PSoC_3ph_f2f/vivado/3ph_f2f_dq_rev0/3ph_f2f_dq_prj/3ph_f2f_dq_prj.srcs/sources_1/bd/pll/ipshared/0010/hdl/vhdl/abc2alphaBeta2dq_cud.vhd:36' bound to instance 'abc2alphaBeta2dq_cud_U3' of component 'abc2alphaBeta2dq_cud' [d:/Projects/PSoC_3ph_f2f/vivado/3ph_f2f_dq_rev0/3ph_f2f_dq_prj/3ph_f2f_dq_prj.srcs/sources_1/bd/pll/ipshared/0010/hdl/vhdl/abc2alphaBeta2dq.vhd:410]
	Parameter ID bound to: 1 - type: integer 
	Parameter NUM_STAGE bound to: 1 - type: integer 
	Parameter din0_WIDTH bound to: 16 - type: integer 
	Parameter din1_WIDTH bound to: 16 - type: integer 
	Parameter din2_WIDTH bound to: 32 - type: integer 
	Parameter dout_WIDTH bound to: 32 - type: integer 
INFO: [Synth 8-3491] module 'abc2alphaBeta2dq_dEe' declared at 'd:/Projects/PSoC_3ph_f2f/vivado/3ph_f2f_dq_rev0/3ph_f2f_dq_prj/3ph_f2f_dq_prj.srcs/sources_1/bd/pll/ipshared/0010/hdl/vhdl/abc2alphaBeta2dq_dEe.vhd:42' bound to instance 'abc2alphaBeta2dq_dEe_U4' of component 'abc2alphaBeta2dq_dEe' [d:/Projects/PSoC_3ph_f2f/vivado/3ph_f2f_dq_rev0/3ph_f2f_dq_prj/3ph_f2f_dq_prj.srcs/sources_1/bd/pll/ipshared/0010/hdl/vhdl/abc2alphaBeta2dq.vhd:422]
INFO: [Synth 8-638] synthesizing module 'abc2alphaBeta2dq_dEe' [d:/Projects/PSoC_3ph_f2f/vivado/3ph_f2f_dq_rev0/3ph_f2f_dq_prj/3ph_f2f_dq_prj.srcs/sources_1/bd/pll/ipshared/0010/hdl/vhdl/abc2alphaBeta2dq_dEe.vhd:57]
	Parameter ID bound to: 1 - type: integer 
	Parameter NUM_STAGE bound to: 1 - type: integer 
	Parameter din0_WIDTH bound to: 16 - type: integer 
	Parameter din1_WIDTH bound to: 16 - type: integer 
	Parameter din2_WIDTH bound to: 32 - type: integer 
	Parameter dout_WIDTH bound to: 32 - type: integer 
INFO: [Synth 8-3491] module 'abc2alphaBeta2dq_dEe_DSP48_2' declared at 'd:/Projects/PSoC_3ph_f2f/vivado/3ph_f2f_dq_rev0/3ph_f2f_dq_prj/3ph_f2f_dq_prj.srcs/sources_1/bd/pll/ipshared/0010/hdl/vhdl/abc2alphaBeta2dq_dEe.vhd:12' bound to instance 'abc2alphaBeta2dq_dEe_DSP48_2_U' of component 'abc2alphaBeta2dq_dEe_DSP48_2' [d:/Projects/PSoC_3ph_f2f/vivado/3ph_f2f_dq_rev0/3ph_f2f_dq_prj/3ph_f2f_dq_prj.srcs/sources_1/bd/pll/ipshared/0010/hdl/vhdl/abc2alphaBeta2dq_dEe.vhd:69]
INFO: [Synth 8-638] synthesizing module 'abc2alphaBeta2dq_dEe_DSP48_2' [d:/Projects/PSoC_3ph_f2f/vivado/3ph_f2f_dq_rev0/3ph_f2f_dq_prj/3ph_f2f_dq_prj.srcs/sources_1/bd/pll/ipshared/0010/hdl/vhdl/abc2alphaBeta2dq_dEe.vhd:21]
INFO: [Synth 8-256] done synthesizing module 'abc2alphaBeta2dq_dEe_DSP48_2' (5#1) [d:/Projects/PSoC_3ph_f2f/vivado/3ph_f2f_dq_rev0/3ph_f2f_dq_prj/3ph_f2f_dq_prj.srcs/sources_1/bd/pll/ipshared/0010/hdl/vhdl/abc2alphaBeta2dq_dEe.vhd:21]
INFO: [Synth 8-256] done synthesizing module 'abc2alphaBeta2dq_dEe' (6#1) [d:/Projects/PSoC_3ph_f2f/vivado/3ph_f2f_dq_rev0/3ph_f2f_dq_prj/3ph_f2f_dq_prj.srcs/sources_1/bd/pll/ipshared/0010/hdl/vhdl/abc2alphaBeta2dq_dEe.vhd:57]
WARNING: [Synth 8-6014] Unused sequential element ap_block_state9_reg was removed.  [d:/Projects/PSoC_3ph_f2f/vivado/3ph_f2f_dq_rev0/3ph_f2f_dq_prj/3ph_f2f_dq_prj.srcs/sources_1/bd/pll/ipshared/0010/hdl/vhdl/abc2alphaBeta2dq.vhd:694]
WARNING: [Synth 8-6014] Unused sequential element ap_ready_reg was removed.  [d:/Projects/PSoC_3ph_f2f/vivado/3ph_f2f_dq_rev0/3ph_f2f_dq_prj/3ph_f2f_dq_prj.srcs/sources_1/bd/pll/ipshared/0010/hdl/vhdl/abc2alphaBeta2dq.vhd:721]
INFO: [Synth 8-256] done synthesizing module 'abc2alphaBeta2dq' (7#1) [d:/Projects/PSoC_3ph_f2f/vivado/3ph_f2f_dq_rev0/3ph_f2f_dq_prj/3ph_f2f_dq_prj.srcs/sources_1/bd/pll/ipshared/0010/hdl/vhdl/abc2alphaBeta2dq.vhd:32]
INFO: [Synth 8-256] done synthesizing module 'pll_abc2alphaBeta2dq_0_0' (8#1) [d:/Projects/PSoC_3ph_f2f/vivado/3ph_f2f_dq_rev0/3ph_f2f_dq_prj/3ph_f2f_dq_prj.srcs/sources_1/bd/pll/ip/pll_abc2alphaBeta2dq_0_0/synth/pll_abc2alphaBeta2dq_0_0.vhd:76]
---------------------------------------------------------------------------------
Finished RTL Elaboration : Time (s): cpu = 00:00:05 ; elapsed = 00:00:05 . Memory (MB): peak = 365.484 ; gain = 119.609
---------------------------------------------------------------------------------

Report Check Netlist: 
+------+------------------+-------+---------+-------+------------------+
|      |Item              |Errors |Warnings |Status |Description       |
+------+------------------+-------+---------+-------+------------------+
|1     |multi_driven_nets |      0|        0|Passed |Multi driven nets |
+------+------------------+-------+---------+-------+------------------+
---------------------------------------------------------------------------------
Finished RTL Optimization Phase 1 : Time (s): cpu = 00:00:06 ; elapsed = 00:00:06 . Memory (MB): peak = 365.484 ; gain = 119.609
---------------------------------------------------------------------------------
INFO: [Device 21-403] Loading part xc7z010clg400-1
INFO: [Project 1-570] Preparing netlist for logic optimization

Processing XDC Constraints
Initializing timing engine
Parsing XDC File [d:/Projects/PSoC_3ph_f2f/vivado/3ph_f2f_dq_rev0/3ph_f2f_dq_prj/3ph_f2f_dq_prj.srcs/sources_1/bd/pll/ip/pll_abc2alphaBeta2dq_0_0/constraints/abc2alphaBeta2dq_ooc.xdc] for cell 'U0'
Finished Parsing XDC File [d:/Projects/PSoC_3ph_f2f/vivado/3ph_f2f_dq_rev0/3ph_f2f_dq_prj/3ph_f2f_dq_prj.srcs/sources_1/bd/pll/ip/pll_abc2alphaBeta2dq_0_0/constraints/abc2alphaBeta2dq_ooc.xdc] for cell 'U0'
Parsing XDC File [D:/Projects/PSoC_3ph_f2f/vivado/3ph_f2f_dq_rev0/3ph_f2f_dq_prj/3ph_f2f_dq_prj.runs/pll_abc2alphaBeta2dq_0_0_synth_1/dont_touch.xdc]
Finished Parsing XDC File [D:/Projects/PSoC_3ph_f2f/vivado/3ph_f2f_dq_rev0/3ph_f2f_dq_prj/3ph_f2f_dq_prj.runs/pll_abc2alphaBeta2dq_0_0_synth_1/dont_touch.xdc]
Completed Processing XDC Constraints

INFO: [Project 1-111] Unisim Transformation Summary:
No Unisim elements were transformed.

Constraint Validation Runtime : Time (s): cpu = 00:00:00 ; elapsed = 00:00:00.156 . Memory (MB): peak = 674.547 ; gain = 0.000
---------------------------------------------------------------------------------
Finished Constraint Validation : Time (s): cpu = 00:00:15 ; elapsed = 00:00:16 . Memory (MB): peak = 674.547 ; gain = 428.672
---------------------------------------------------------------------------------
---------------------------------------------------------------------------------
Start Loading Part and Timing Information
---------------------------------------------------------------------------------
Loading part: xc7z010clg400-1
---------------------------------------------------------------------------------
Finished Loading Part and Timing Information : Time (s): cpu = 00:00:15 ; elapsed = 00:00:16 . Memory (MB): peak = 674.547 ; gain = 428.672
---------------------------------------------------------------------------------
---------------------------------------------------------------------------------
Start Applying 'set_property' XDC Constraints
---------------------------------------------------------------------------------
Applied set_property DONT_TOUCH = true for U0. (constraint file  D:/Projects/PSoC_3ph_f2f/vivado/3ph_f2f_dq_rev0/3ph_f2f_dq_prj/3ph_f2f_dq_prj.runs/pll_abc2alphaBeta2dq_0_0_synth_1/dont_touch.xdc, line 9).
---------------------------------------------------------------------------------
Finished applying 'set_property' XDC Constraints : Time (s): cpu = 00:00:16 ; elapsed = 00:00:16 . Memory (MB): peak = 674.547 ; gain = 428.672
---------------------------------------------------------------------------------
WARNING: [Synth 8-3936] Found unconnected internal register 'tmp_reg_1291_reg' and it is trimmed from '32' to '31' bits. [d:/Projects/PSoC_3ph_f2f/vivado/3ph_f2f_dq_rev0/3ph_f2f_dq_prj/3ph_f2f_dq_prj.srcs/sources_1/bd/pll/ipshared/0010/hdl/vhdl/abc2alphaBeta2dq.vhd:520]
WARNING: [Synth 8-3936] Found unconnected internal register 'OP1_V_1_reg_1232_reg' and it is trimmed from '32' to '16' bits. [d:/Projects/PSoC_3ph_f2f/vivado/3ph_f2f_dq_rev0/3ph_f2f_dq_prj/3ph_f2f_dq_prj.srcs/sources_1/bd/pll/ipshared/0010/hdl/vhdl/abc2alphaBeta2dq.vhd:479]
WARNING: [Synth 8-3936] Found unconnected internal register 'p_Val2_15_reg_1254_reg' and it is trimmed from '32' to '31' bits. [d:/Projects/PSoC_3ph_f2f/vivado/3ph_f2f_dq_rev0/3ph_f2f_dq_prj/3ph_f2f_dq_prj.srcs/sources_1/bd/pll/ipshared/0010/hdl/vhdl/abc2alphaBeta2dq.vhd:572]
WARNING: [Synth 8-3936] Found unconnected internal register 'p_Val2_5_reg_1091_reg' and it is trimmed from '30' to '29' bits. [d:/Projects/PSoC_3ph_f2f/vivado/3ph_f2f_dq_rev0/3ph_f2f_dq_prj/3ph_f2f_dq_prj.srcs/sources_1/bd/pll/ipshared/0010/hdl/vhdl/abc2alphaBeta2dq.vhd:593]
WARNING: [Synth 8-3936] Found unconnected internal register 'p_Val2_2_reg_1120_reg' and it is trimmed from '30' to '29' bits. [d:/Projects/PSoC_3ph_f2f/vivado/3ph_f2f_dq_rev0/3ph_f2f_dq_prj/3ph_f2f_dq_prj.srcs/sources_1/bd/pll/ipshared/0010/hdl/vhdl/abc2alphaBeta2dq.vhd:497]
WARNING: [Synth 8-3936] Found unconnected internal register 'OP2_V_reg_1227_reg' and it is trimmed from '32' to '16' bits. [d:/Projects/PSoC_3ph_f2f/vivado/3ph_f2f_dq_rev0/3ph_f2f_dq_prj/3ph_f2f_dq_prj.srcs/sources_1/bd/pll/ipshared/0010/hdl/vhdl/abc2alphaBeta2dq.vhd:480]
INFO: [Synth 8-4490] FSM extraction disabled for register 'ap_CS_fsm_reg' through user attribute
INFO: [Synth 8-5544] ROM "Range1_all_ones_1_fu_337_p2" won't be mapped to Block RAM because address size (2) smaller than threshold (5)
INFO: [Synth 8-5544] ROM "Range1_all_zeros_1_fu_342_p2" won't be mapped to Block RAM because address size (2) smaller than threshold (5)
INFO: [Synth 8-5544] ROM "Range1_all_ones_3_fu_813_p2" won't be mapped to Block RAM because address size (2) smaller than threshold (5)
INFO: [Synth 8-5544] ROM "Range1_all_zeros_3_fu_818_p2" won't be mapped to Block RAM because address size (2) smaller than threshold (5)
INFO: [Synth 8-5544] ROM "Range1_all_ones_fu_403_p2" won't be mapped to Block RAM because address size (2) smaller than threshold (5)
INFO: [Synth 8-5544] ROM "Range1_all_zeros_fu_408_p2" won't be mapped to Block RAM because address size (2) smaller than threshold (5)
WARNING: [Synth 8-6014] Unused sequential element r_V_reg_1086_reg was removed.  [d:/Projects/PSoC_3ph_f2f/vivado/3ph_f2f_dq_rev0/3ph_f2f_dq_prj/3ph_f2f_dq_prj.srcs/sources_1/bd/pll/ipshared/0010/hdl/vhdl/abc2alphaBeta2dq.vhd:595]
---------------------------------------------------------------------------------
Finished RTL Optimization Phase 2 : Time (s): cpu = 00:00:16 ; elapsed = 00:00:17 . Memory (MB): peak = 674.547 ; gain = 428.672
---------------------------------------------------------------------------------

Report RTL Partitions: 
+-+--------------+------------+----------+
| |RTL Partition |Replication |Instances |
+-+--------------+------------+----------+
+-+--------------+------------+----------+
---------------------------------------------------------------------------------
Start RTL Component Statistics 
---------------------------------------------------------------------------------
Detailed RTL Component Info : 
+---Adders : 
	   2 Input     33 Bit       Adders := 1     
	   2 Input     31 Bit       Adders := 1     
	   4 Input     18 Bit       Adders := 1     
	   2 Input     16 Bit       Adders := 4     
+---XORs : 
	   2 Input      1 Bit         XORs := 20    
+---Registers : 
	               32 Bit    Registers := 3     
	               31 Bit    Registers := 2     
	               29 Bit    Registers := 2     
	               18 Bit    Registers := 1     
	               16 Bit    Registers := 13    
	                9 Bit    Registers := 1     
	                2 Bit    Registers := 3     
	                1 Bit    Registers := 34    
+---Muxes : 
	   2 Input      9 Bit        Muxes := 1     
	  10 Input      9 Bit        Muxes := 1     
	   2 Input      2 Bit        Muxes := 1     
	   2 Input      1 Bit        Muxes := 12    
	   3 Input      1 Bit        Muxes := 2     
---------------------------------------------------------------------------------
Finished RTL Component Statistics 
---------------------------------------------------------------------------------
---------------------------------------------------------------------------------
Start RTL Hierarchical Component Statistics 
---------------------------------------------------------------------------------
Hierarchical RTL Component report 
Module abc2alphaBeta2dq 
Detailed RTL Component Info : 
+---Adders : 
	   2 Input     33 Bit       Adders := 1     
	   2 Input     31 Bit       Adders := 1     
	   4 Input     18 Bit       Adders := 1     
	   2 Input     16 Bit       Adders := 4     
+---XORs : 
	   2 Input      1 Bit         XORs := 20    
+---Registers : 
	               32 Bit    Registers := 3     
	               31 Bit    Registers := 2     
	               29 Bit    Registers := 2     
	               18 Bit    Registers := 1     
	               16 Bit    Registers := 13    
	                9 Bit    Registers := 1     
	                2 Bit    Registers := 3     
	                1 Bit    Registers := 34    
+---Muxes : 
	   2 Input      9 Bit        Muxes := 1     
	  10 Input      9 Bit        Muxes := 1     
	   2 Input      2 Bit        Muxes := 1     
	   2 Input      1 Bit        Muxes := 12    
	   3 Input      1 Bit        Muxes := 2     
---------------------------------------------------------------------------------
Finished RTL Hierarchical Component Statistics
---------------------------------------------------------------------------------
---------------------------------------------------------------------------------
Start Part Resource Summary
---------------------------------------------------------------------------------
Part Resources:
DSPs: 80 (col length:40)
BRAMs: 120 (col length: RAMB18 40 RAMB36 20)
---------------------------------------------------------------------------------
Finished Part Resource Summary
---------------------------------------------------------------------------------
---------------------------------------------------------------------------------
Start Cross Boundary and Area Optimization
---------------------------------------------------------------------------------
WARNING: [Synth 8-6014] Unused sequential element r_V_reg_1086_reg was removed.  [d:/Projects/PSoC_3ph_f2f/vivado/3ph_f2f_dq_rev0/3ph_f2f_dq_prj/3ph_f2f_dq_prj.srcs/sources_1/bd/pll/ipshared/0010/hdl/vhdl/abc2alphaBeta2dq.vhd:595]
WARNING: [Synth 8-6014] Unused sequential element p_Val2_14_reg_1237_reg was removed.  [d:/Projects/PSoC_3ph_f2f/vivado/3ph_f2f_dq_rev0/3ph_f2f_dq_prj/3ph_f2f_dq_prj.srcs/sources_1/bd/pll/ipshared/0010/hdl/vhdl/abc2alphaBeta2dq.vhd:433]
DSP Report: Generating DSP abc2alphaBeta2dq_cud_U1/abc2alphaBeta2dq_cud_DSP48_1_U/in00, operation Mode is: A*B.
DSP Report: operator abc2alphaBeta2dq_cud_U1/abc2alphaBeta2dq_cud_DSP48_1_U/in00 is absorbed into DSP abc2alphaBeta2dq_cud_U1/abc2alphaBeta2dq_cud_DSP48_1_U/in00.
DSP Report: Generating DSP abc2alphaBeta2dq_cud_U2/abc2alphaBeta2dq_cud_DSP48_1_U/in00, operation Mode is: A*B.
DSP Report: operator abc2alphaBeta2dq_cud_U2/abc2alphaBeta2dq_cud_DSP48_1_U/in00 is absorbed into DSP abc2alphaBeta2dq_cud_U2/abc2alphaBeta2dq_cud_DSP48_1_U/in00.
DSP Report: Generating DSP abc2alphaBeta2dq_cud_U3/abc2alphaBeta2dq_cud_DSP48_1_U/in00, operation Mode is: A*B.
DSP Report: operator abc2alphaBeta2dq_cud_U3/abc2alphaBeta2dq_cud_DSP48_1_U/in00 is absorbed into DSP abc2alphaBeta2dq_cud_U3/abc2alphaBeta2dq_cud_DSP48_1_U/in00.
DSP Report: Generating DSP p_Val2_2_fu_235_p2, operation Mode is: A2*(B:0x555).
DSP Report: register r_V_reg_1086_reg is absorbed into DSP p_Val2_2_fu_235_p2.
DSP Report: operator p_Val2_2_fu_235_p2 is absorbed into DSP p_Val2_2_fu_235_p2.
DSP Report: Generating DSP abc2alphaBeta2dq_dEe_U4/abc2alphaBeta2dq_dEe_DSP48_2_U/p, operation Mode is: C'-A*B.
DSP Report: register p_Val2_14_reg_1237_reg is absorbed into DSP abc2alphaBeta2dq_dEe_U4/abc2alphaBeta2dq_dEe_DSP48_2_U/p.
DSP Report: operator abc2alphaBeta2dq_dEe_U4/abc2alphaBeta2dq_dEe_DSP48_2_U/p is absorbed into DSP abc2alphaBeta2dq_dEe_U4/abc2alphaBeta2dq_dEe_DSP48_2_U/p.
DSP Report: operator abc2alphaBeta2dq_dEe_U4/abc2alphaBeta2dq_dEe_DSP48_2_U/m is absorbed into DSP abc2alphaBeta2dq_dEe_U4/abc2alphaBeta2dq_dEe_DSP48_2_U/p.
DSP Report: Generating DSP abc2alphaBeta2dq_bkb_U0/abc2alphaBeta2dq_bkb_DSP48_0_U/m, operation Mode is: (D-A)*(B:0x93d).
DSP Report: operator abc2alphaBeta2dq_bkb_U0/abc2alphaBeta2dq_bkb_DSP48_0_U/m is absorbed into DSP abc2alphaBeta2dq_bkb_U0/abc2alphaBeta2dq_bkb_DSP48_0_U/m.
DSP Report: operator abc2alphaBeta2dq_bkb_U0/abc2alphaBeta2dq_bkb_DSP48_0_U/ad is absorbed into DSP abc2alphaBeta2dq_bkb_U0/abc2alphaBeta2dq_bkb_DSP48_0_U/m.
INFO: [Synth 8-3886] merging instance 'U0/p_Val2_5_reg_1091_reg[28]' (FDE) to 'U0/tmp_4_reg_1114_reg[0]'
INFO: [Synth 8-3886] merging instance 'U0/p_Val2_5_reg_1091_reg[12]' (FDE) to 'U0/p_Val2_6_8_reg_1104_reg[0]'
INFO: [Synth 8-3886] merging instance 'U0/p_Val2_5_reg_1091_reg[11]' (FDE) to 'U0/tmp_32_reg_1109_reg[0]'
INFO: [Synth 8-3886] merging instance 'U0/p_Val2_5_reg_1091_reg[13]' (FDE) to 'U0/p_Val2_6_8_reg_1104_reg[1]'
INFO: [Synth 8-3886] merging instance 'U0/p_Val2_5_reg_1091_reg[14]' (FDE) to 'U0/p_Val2_6_8_reg_1104_reg[2]'
INFO: [Synth 8-3886] merging instance 'U0/p_Val2_5_reg_1091_reg[15]' (FDE) to 'U0/p_Val2_6_8_reg_1104_reg[3]'
INFO: [Synth 8-3886] merging instance 'U0/p_Val2_5_reg_1091_reg[16]' (FDE) to 'U0/p_Val2_6_8_reg_1104_reg[4]'
INFO: [Synth 8-3886] merging instance 'U0/p_Val2_5_reg_1091_reg[17]' (FDE) to 'U0/p_Val2_6_8_reg_1104_reg[5]'
INFO: [Synth 8-3886] merging instance 'U0/p_Val2_5_reg_1091_reg[18]' (FDE) to 'U0/p_Val2_6_8_reg_1104_reg[6]'
INFO: [Synth 8-3886] merging instance 'U0/p_Val2_5_reg_1091_reg[19]' (FDE) to 'U0/p_Val2_6_8_reg_1104_reg[7]'
INFO: [Synth 8-3886] merging instance 'U0/p_Val2_5_reg_1091_reg[20]' (FDE) to 'U0/p_Val2_6_8_reg_1104_reg[8]'
INFO: [Synth 8-3886] merging instance 'U0/p_Val2_5_reg_1091_reg[21]' (FDE) to 'U0/p_Val2_6_8_reg_1104_reg[9]'
INFO: [Synth 8-3886] merging instance 'U0/p_Val2_5_reg_1091_reg[22]' (FDE) to 'U0/p_Val2_6_8_reg_1104_reg[10]'
INFO: [Synth 8-3886] merging instance 'U0/p_Val2_5_reg_1091_reg[23]' (FDE) to 'U0/p_Val2_6_8_reg_1104_reg[11]'
INFO: [Synth 8-3886] merging instance 'U0/p_Val2_5_reg_1091_reg[24]' (FDE) to 'U0/p_Val2_6_8_reg_1104_reg[12]'
INFO: [Synth 8-3886] merging instance 'U0/p_Val2_5_reg_1091_reg[25]' (FDE) to 'U0/p_Val2_6_8_reg_1104_reg[13]'
INFO: [Synth 8-3886] merging instance 'U0/p_Val2_5_reg_1091_reg[26]' (FDE) to 'U0/p_Val2_6_8_reg_1104_reg[14]'
INFO: [Synth 8-3886] merging instance 'U0/p_Val2_6_8_reg_1104_reg[15]' (FDE) to 'U0/p_Val2_5_reg_1091_reg[27]'
INFO: [Synth 8-3886] merging instance 'U0/tmp_4_reg_1114_reg[1]' (FDE) to 'U0/signbit_1_reg_1097_reg[0]'
INFO: [Synth 8-3886] merging instance 'U0/p_Val2_2_reg_1120_reg[28]' (FDE) to 'U0/tmp_30_reg_1146_reg[0]'
INFO: [Synth 8-3886] merging instance 'U0/newsignbit_reg_1139_reg[0]' (FDE) to 'U0/p_Val2_4_reg_1133_reg[15]'
INFO: [Synth 8-3886] merging instance 'U0/tmp_30_reg_1146_reg[1]' (FDE) to 'U0/signbit_reg_1126_reg[0]'
INFO: [Synth 8-3886] merging instance 'U0/newsignbit_3_reg_1272_reg[0]' (FDE) to 'U0/p_Val2_17_reg_1266_reg[15]'
INFO: [Synth 8-3886] merging instance 'U0/p_Val2_15_reg_1254_reg[30]' (FDE) to 'U0/tmp_23_reg_1285_reg[0]'
INFO: [Synth 8-3886] merging instance 'U0/tmp_23_reg_1285_reg[1]' (FDE) to 'U0/signbit_3_reg_1259_reg[0]'
INFO: [Synth 8-3886] merging instance 'U0/newsignbit_2_reg_1308_reg[0]' (FDE) to 'U0/p_Val2_12_reg_1302_reg[15]'
INFO: [Synth 8-3886] merging instance 'U0/p_Val2_7_reg_1152_reg[15]' (FDE) to 'U0/newsignbit_1_reg_1158_reg[0]'
WARNING: [Synth 8-3332] Sequential element (p_Val2_2_reg_1120_reg[26]) is unused and will be removed from module abc2alphaBeta2dq.
WARNING: [Synth 8-3332] Sequential element (p_Val2_2_reg_1120_reg[25]) is unused and will be removed from module abc2alphaBeta2dq.
WARNING: [Synth 8-3332] Sequential element (p_Val2_2_reg_1120_reg[24]) is unused and will be removed from module abc2alphaBeta2dq.
WARNING: [Synth 8-3332] Sequential element (p_Val2_2_reg_1120_reg[23]) is unused and will be removed from module abc2alphaBeta2dq.
WARNING: [Synth 8-3332] Sequential element (p_Val2_2_reg_1120_reg[22]) is unused and will be removed from module abc2alphaBeta2dq.
WARNING: [Synth 8-3332] Sequential element (p_Val2_2_reg_1120_reg[21]) is unused and will be removed from module abc2alphaBeta2dq.
WARNING: [Synth 8-3332] Sequential element (p_Val2_2_reg_1120_reg[20]) is unused and will be removed from module abc2alphaBeta2dq.
WARNING: [Synth 8-3332] Sequential element (p_Val2_2_reg_1120_reg[19]) is unused and will be removed from module abc2alphaBeta2dq.
WARNING: [Synth 8-3332] Sequential element (p_Val2_2_reg_1120_reg[18]) is unused and will be removed from module abc2alphaBeta2dq.
WARNING: [Synth 8-3332] Sequential element (p_Val2_2_reg_1120_reg[17]) is unused and will be removed from module abc2alphaBeta2dq.
WARNING: [Synth 8-3332] Sequential element (p_Val2_2_reg_1120_reg[16]) is unused and will be removed from module abc2alphaBeta2dq.
WARNING: [Synth 8-3332] Sequential element (p_Val2_2_reg_1120_reg[15]) is unused and will be removed from module abc2alphaBeta2dq.
WARNING: [Synth 8-3332] Sequential element (p_Val2_2_reg_1120_reg[14]) is unused and will be removed from module abc2alphaBeta2dq.
WARNING: [Synth 8-3332] Sequential element (p_Val2_2_reg_1120_reg[13]) is unused and will be removed from module abc2alphaBeta2dq.
WARNING: [Synth 8-3332] Sequential element (p_Val2_2_reg_1120_reg[12]) is unused and will be removed from module abc2alphaBeta2dq.
WARNING: [Synth 8-3332] Sequential element (p_Val2_2_reg_1120_reg[11]) is unused and will be removed from module abc2alphaBeta2dq.
WARNING: [Synth 8-3332] Sequential element (p_Val2_2_reg_1120_reg[10]) is unused and will be removed from module abc2alphaBeta2dq.
WARNING: [Synth 8-3332] Sequential element (p_Val2_2_reg_1120_reg[9]) is unused and will be removed from module abc2alphaBeta2dq.
WARNING: [Synth 8-3332] Sequential element (p_Val2_2_reg_1120_reg[8]) is unused and will be removed from module abc2alphaBeta2dq.
WARNING: [Synth 8-3332] Sequential element (p_Val2_2_reg_1120_reg[7]) is unused and will be removed from module abc2alphaBeta2dq.
WARNING: [Synth 8-3332] Sequential element (p_Val2_2_reg_1120_reg[6]) is unused and will be removed from module abc2alphaBeta2dq.
WARNING: [Synth 8-3332] Sequential element (p_Val2_2_reg_1120_reg[5]) is unused and will be removed from module abc2alphaBeta2dq.
WARNING: [Synth 8-3332] Sequential element (p_Val2_2_reg_1120_reg[4]) is unused and will be removed from module abc2alphaBeta2dq.
WARNING: [Synth 8-3332] Sequential element (p_Val2_2_reg_1120_reg[3]) is unused and will be removed from module abc2alphaBeta2dq.
WARNING: [Synth 8-3332] Sequential element (p_Val2_2_reg_1120_reg[2]) is unused and will be removed from module abc2alphaBeta2dq.
WARNING: [Synth 8-3332] Sequential element (p_Val2_2_reg_1120_reg[1]) is unused and will be removed from module abc2alphaBeta2dq.
WARNING: [Synth 8-3332] Sequential element (p_Val2_2_reg_1120_reg[0]) is unused and will be removed from module abc2alphaBeta2dq.
WARNING: [Synth 8-3332] Sequential element (p_Val2_5_reg_1091_reg[10]) is unused and will be removed from module abc2alphaBeta2dq.
WARNING: [Synth 8-3332] Sequential element (p_Val2_5_reg_1091_reg[9]) is unused and will be removed from module abc2alphaBeta2dq.
WARNING: [Synth 8-3332] Sequential element (p_Val2_5_reg_1091_reg[8]) is unused and will be removed from module abc2alphaBeta2dq.
WARNING: [Synth 8-3332] Sequential element (p_Val2_5_reg_1091_reg[7]) is unused and will be removed from module abc2alphaBeta2dq.
WARNING: [Synth 8-3332] Sequential element (p_Val2_5_reg_1091_reg[6]) is unused and will be removed from module abc2alphaBeta2dq.
WARNING: [Synth 8-3332] Sequential element (p_Val2_5_reg_1091_reg[5]) is unused and will be removed from module abc2alphaBeta2dq.
WARNING: [Synth 8-3332] Sequential element (p_Val2_5_reg_1091_reg[4]) is unused and will be removed from module abc2alphaBeta2dq.
WARNING: [Synth 8-3332] Sequential element (p_Val2_5_reg_1091_reg[3]) is unused and will be removed from module abc2alphaBeta2dq.
WARNING: [Synth 8-3332] Sequential element (p_Val2_5_reg_1091_reg[2]) is unused and will be removed from module abc2alphaBeta2dq.
WARNING: [Synth 8-3332] Sequential element (p_Val2_5_reg_1091_reg[1]) is unused and will be removed from module abc2alphaBeta2dq.
WARNING: [Synth 8-3332] Sequential element (p_Val2_5_reg_1091_reg[0]) is unused and will be removed from module abc2alphaBeta2dq.
WARNING: [Synth 8-3332] Sequential element (tmp_reg_1291_reg[29]) is unused and will be removed from module abc2alphaBeta2dq.
WARNING: [Synth 8-3332] Sequential element (tmp_reg_1291_reg[28]) is unused and will be removed from module abc2alphaBeta2dq.
WARNING: [Synth 8-3332] Sequential element (tmp_reg_1291_reg[27]) is unused and will be removed from module abc2alphaBeta2dq.
WARNING: [Synth 8-3332] Sequential element (tmp_reg_1291_reg[26]) is unused and will be removed from module abc2alphaBeta2dq.
WARNING: [Synth 8-3332] Sequential element (tmp_reg_1291_reg[25]) is unused and will be removed from module abc2alphaBeta2dq.
WARNING: [Synth 8-3332] Sequential element (tmp_reg_1291_reg[24]) is unused and will be removed from module abc2alphaBeta2dq.
WARNING: [Synth 8-3332] Sequential element (tmp_reg_1291_reg[23]) is unused and will be removed from module abc2alphaBeta2dq.
WARNING: [Synth 8-3332] Sequential element (tmp_reg_1291_reg[22]) is unused and will be removed from module abc2alphaBeta2dq.
WARNING: [Synth 8-3332] Sequential element (tmp_reg_1291_reg[21]) is unused and will be removed from module abc2alphaBeta2dq.
WARNING: [Synth 8-3332] Sequential element (tmp_reg_1291_reg[20]) is unused and will be removed from module abc2alphaBeta2dq.
WARNING: [Synth 8-3332] Sequential element (tmp_reg_1291_reg[19]) is unused and will be removed from module abc2alphaBeta2dq.
WARNING: [Synth 8-3332] Sequential element (tmp_reg_1291_reg[18]) is unused and will be removed from module abc2alphaBeta2dq.
WARNING: [Synth 8-3332] Sequential element (tmp_reg_1291_reg[17]) is unused and will be removed from module abc2alphaBeta2dq.
WARNING: [Synth 8-3332] Sequential element (tmp_reg_1291_reg[16]) is unused and will be removed from module abc2alphaBeta2dq.
WARNING: [Synth 8-3332] Sequential element (tmp_reg_1291_reg[15]) is unused and will be removed from module abc2alphaBeta2dq.
WARNING: [Synth 8-3332] Sequential element (tmp_reg_1291_reg[14]) is unused and will be removed from module abc2alphaBeta2dq.
WARNING: [Synth 8-3332] Sequential element (tmp_reg_1291_reg[13]) is unused and will be removed from module abc2alphaBeta2dq.
WARNING: [Synth 8-3332] Sequential element (tmp_reg_1291_reg[12]) is unused and will be removed from module abc2alphaBeta2dq.
WARNING: [Synth 8-3332] Sequential element (tmp_reg_1291_reg[11]) is unused and will be removed from module abc2alphaBeta2dq.
WARNING: [Synth 8-3332] Sequential element (tmp_reg_1291_reg[10]) is unused and will be removed from module abc2alphaBeta2dq.
WARNING: [Synth 8-3332] Sequential element (tmp_reg_1291_reg[9]) is unused and will be removed from module abc2alphaBeta2dq.
WARNING: [Synth 8-3332] Sequential element (tmp_reg_1291_reg[8]) is unused and will be removed from module abc2alphaBeta2dq.
WARNING: [Synth 8-3332] Sequential element (tmp_reg_1291_reg[7]) is unused and will be removed from module abc2alphaBeta2dq.
WARNING: [Synth 8-3332] Sequential element (tmp_reg_1291_reg[6]) is unused and will be removed from module abc2alphaBeta2dq.
WARNING: [Synth 8-3332] Sequential element (tmp_reg_1291_reg[5]) is unused and will be removed from module abc2alphaBeta2dq.
WARNING: [Synth 8-3332] Sequential element (tmp_reg_1291_reg[4]) is unused and will be removed from module abc2alphaBeta2dq.
WARNING: [Synth 8-3332] Sequential element (tmp_reg_1291_reg[3]) is unused and will be removed from module abc2alphaBeta2dq.
WARNING: [Synth 8-3332] Sequential element (tmp_reg_1291_reg[2]) is unused and will be removed from module abc2alphaBeta2dq.
WARNING: [Synth 8-3332] Sequential element (tmp_reg_1291_reg[1]) is unused and will be removed from module abc2alphaBeta2dq.
WARNING: [Synth 8-3332] Sequential element (tmp_reg_1291_reg[0]) is unused and will be removed from module abc2alphaBeta2dq.
WARNING: [Synth 8-3332] Sequential element (p_Val2_15_reg_1254_reg[29]) is unused and will be removed from module abc2alphaBeta2dq.
WARNING: [Synth 8-3332] Sequential element (p_Val2_15_reg_1254_reg[28]) is unused and will be removed from module abc2alphaBeta2dq.
WARNING: [Synth 8-3332] Sequential element (p_Val2_15_reg_1254_reg[27]) is unused and will be removed from module abc2alphaBeta2dq.
WARNING: [Synth 8-3332] Sequential element (p_Val2_15_reg_1254_reg[26]) is unused and will be removed from module abc2alphaBeta2dq.
WARNING: [Synth 8-3332] Sequential element (p_Val2_15_reg_1254_reg[25]) is unused and will be removed from module abc2alphaBeta2dq.
WARNING: [Synth 8-3332] Sequential element (p_Val2_15_reg_1254_reg[24]) is unused and will be removed from module abc2alphaBeta2dq.
WARNING: [Synth 8-3332] Sequential element (p_Val2_15_reg_1254_reg[23]) is unused and will be removed from module abc2alphaBeta2dq.
WARNING: [Synth 8-3332] Sequential element (p_Val2_15_reg_1254_reg[22]) is unused and will be removed from module abc2alphaBeta2dq.
WARNING: [Synth 8-3332] Sequential element (p_Val2_15_reg_1254_reg[21]) is unused and will be removed from module abc2alphaBeta2dq.
WARNING: [Synth 8-3332] Sequential element (p_Val2_15_reg_1254_reg[20]) is unused and will be removed from module abc2alphaBeta2dq.
WARNING: [Synth 8-3332] Sequential element (p_Val2_15_reg_1254_reg[19]) is unused and will be removed from module abc2alphaBeta2dq.
WARNING: [Synth 8-3332] Sequential element (p_Val2_15_reg_1254_reg[18]) is unused and will be removed from module abc2alphaBeta2dq.
WARNING: [Synth 8-3332] Sequential element (p_Val2_15_reg_1254_reg[17]) is unused and will be removed from module abc2alphaBeta2dq.
WARNING: [Synth 8-3332] Sequential element (p_Val2_15_reg_1254_reg[16]) is unused and will be removed from module abc2alphaBeta2dq.
WARNING: [Synth 8-3332] Sequential element (p_Val2_15_reg_1254_reg[15]) is unused and will be removed from module abc2alphaBeta2dq.
WARNING: [Synth 8-3332] Sequential element (p_Val2_15_reg_1254_reg[14]) is unused and will be removed from module abc2alphaBeta2dq.
WARNING: [Synth 8-3332] Sequential element (p_Val2_15_reg_1254_reg[13]) is unused and will be removed from module abc2alphaBeta2dq.
WARNING: [Synth 8-3332] Sequential element (p_Val2_15_reg_1254_reg[12]) is unused and will be removed from module abc2alphaBeta2dq.
WARNING: [Synth 8-3332] Sequential element (p_Val2_15_reg_1254_reg[11]) is unused and will be removed from module abc2alphaBeta2dq.
WARNING: [Synth 8-3332] Sequential element (p_Val2_15_reg_1254_reg[10]) is unused and will be removed from module abc2alphaBeta2dq.
WARNING: [Synth 8-3332] Sequential element (p_Val2_15_reg_1254_reg[9]) is unused and will be removed from module abc2alphaBeta2dq.
WARNING: [Synth 8-3332] Sequential element (p_Val2_15_reg_1254_reg[8]) is unused and will be removed from module abc2alphaBeta2dq.
WARNING: [Synth 8-3332] Sequential element (p_Val2_15_reg_1254_reg[7]) is unused and will be removed from module abc2alphaBeta2dq.
WARNING: [Synth 8-3332] Sequential element (p_Val2_15_reg_1254_reg[6]) is unused and will be removed from module abc2alphaBeta2dq.
WARNING: [Synth 8-3332] Sequential element (p_Val2_15_reg_1254_reg[5]) is unused and will be removed from module abc2alphaBeta2dq.
WARNING: [Synth 8-3332] Sequential element (p_Val2_15_reg_1254_reg[4]) is unused and will be removed from module abc2alphaBeta2dq.
WARNING: [Synth 8-3332] Sequential element (p_Val2_15_reg_1254_reg[3]) is unused and will be removed from module abc2alphaBeta2dq.
WARNING: [Synth 8-3332] Sequential element (p_Val2_15_reg_1254_reg[2]) is unused and will be removed from module abc2alphaBeta2dq.
WARNING: [Synth 8-3332] Sequential element (p_Val2_15_reg_1254_reg[1]) is unused and will be removed from module abc2alphaBeta2dq.
WARNING: [Synth 8-3332] Sequential element (p_Val2_15_reg_1254_reg[0]) is unused and will be removed from module abc2alphaBeta2dq.
---------------------------------------------------------------------------------
Finished Cross Boundary and Area Optimization : Time (s): cpu = 00:00:17 ; elapsed = 00:00:18 . Memory (MB): peak = 674.547 ; gain = 428.672
---------------------------------------------------------------------------------
---------------------------------------------------------------------------------
Start ROM, RAM, DSP and Shift Register Reporting
---------------------------------------------------------------------------------

DSP: Preliminary Mapping  Report (see note below)
+-----------------------------+-----------------+--------+--------+--------+--------+--------+------+------+------+------+-------+------+------+
|Module Name                  | DSP Mapping     | A Size | B Size | C Size | D Size | P Size | AREG | BREG | CREG | DREG | ADREG | MREG | PREG | 
+-----------------------------+-----------------+--------+--------+--------+--------+--------+------+------+------+------+-------+------+------+
|abc2alphaBeta2dq_cud_DSP48_1 | A*B             | 16     | 16     | -      | -      | 32     | 0    | 0    | -    | -    | -     | 0    | 0    | 
|abc2alphaBeta2dq_cud_DSP48_1 | A*B             | 16     | 16     | -      | -      | 32     | 0    | 0    | -    | -    | -     | 0    | 0    | 
|abc2alphaBeta2dq_cud_DSP48_1 | A*B             | 16     | 16     | -      | -      | 32     | 0    | 0    | -    | -    | -     | 0    | 0    | 
|abc2alphaBeta2dq             | A2*(B:0x555)    | 18     | 12     | -      | -      | 30     | 1    | 0    | -    | -    | -     | 0    | 0    | 
|abc2alphaBeta2dq             | C'-A*B          | 16     | 16     | 32     | -      | 32     | 0    | 0    | 1    | -    | -     | 0    | 0    | 
|abc2alphaBeta2dq_bkb_DSP48_0 | (D-A)*(B:0x93d) | 17     | 13     | -      | 16     | 38     | 0    | 0    | -    | 0    | 0     | 0    | 0    | 
+-----------------------------+-----------------+--------+--------+--------+--------+--------+------+------+------+------+-------+------+------+

Note: The table above is a preliminary report that shows the DSPs inferred at the current stage of the synthesis flow. Some DSP may be reimplemented as non DSP primitives later in the synthesis flow. Multiple instantiated DSPs are reported only once.
---------------------------------------------------------------------------------
Finished ROM, RAM, DSP and Shift Register Reporting
---------------------------------------------------------------------------------

Report RTL Partitions: 
+-+--------------+------------+----------+
| |RTL Partition |Replication |Instances |
+-+--------------+------------+----------+
+-+--------------+------------+----------+
---------------------------------------------------------------------------------
Start Applying XDC Timing Constraints
---------------------------------------------------------------------------------
---------------------------------------------------------------------------------
Finished Applying XDC Timing Constraints : Time (s): cpu = 00:00:34 ; elapsed = 00:00:35 . Memory (MB): peak = 691.867 ; gain = 445.992
---------------------------------------------------------------------------------
---------------------------------------------------------------------------------
Start Timing Optimization
---------------------------------------------------------------------------------
---------------------------------------------------------------------------------
Finished Timing Optimization : Time (s): cpu = 00:00:34 ; elapsed = 00:00:35 . Memory (MB): peak = 702.012 ; gain = 456.137
---------------------------------------------------------------------------------

Report RTL Partitions: 
+-+--------------+------------+----------+
| |RTL Partition |Replication |Instances |
+-+--------------+------------+----------+
+-+--------------+------------+----------+
---------------------------------------------------------------------------------
Start Technology Mapping
---------------------------------------------------------------------------------
---------------------------------------------------------------------------------
Finished Technology Mapping : Time (s): cpu = 00:00:34 ; elapsed = 00:00:35 . Memory (MB): peak = 712.152 ; gain = 466.277
---------------------------------------------------------------------------------

Report RTL Partitions: 
+-+--------------+------------+----------+
| |RTL Partition |Replication |Instances |
+-+--------------+------------+----------+
+-+--------------+------------+----------+
---------------------------------------------------------------------------------
Start IO Insertion
---------------------------------------------------------------------------------
---------------------------------------------------------------------------------
Start Flattening Before IO Insertion
---------------------------------------------------------------------------------
---------------------------------------------------------------------------------
Finished Flattening Before IO Insertion
---------------------------------------------------------------------------------
---------------------------------------------------------------------------------
Start Final Netlist Cleanup
---------------------------------------------------------------------------------
---------------------------------------------------------------------------------
Finished Final Netlist Cleanup
---------------------------------------------------------------------------------
---------------------------------------------------------------------------------
Finished IO Insertion : Time (s): cpu = 00:00:35 ; elapsed = 00:00:36 . Memory (MB): peak = 712.152 ; gain = 466.277
---------------------------------------------------------------------------------

Report Check Netlist: 
+------+------------------+-------+---------+-------+------------------+
|      |Item              |Errors |Warnings |Status |Description       |
+------+------------------+-------+---------+-------+------------------+
|1     |multi_driven_nets |      0|        0|Passed |Multi driven nets |
+------+------------------+-------+---------+-------+------------------+
---------------------------------------------------------------------------------
Start Renaming Generated Instances
---------------------------------------------------------------------------------
---------------------------------------------------------------------------------
Finished Renaming Generated Instances : Time (s): cpu = 00:00:35 ; elapsed = 00:00:36 . Memory (MB): peak = 712.152 ; gain = 466.277
---------------------------------------------------------------------------------

Report RTL Partitions: 
+-+--------------+------------+----------+
| |RTL Partition |Replication |Instances |
+-+--------------+------------+----------+
+-+--------------+------------+----------+
---------------------------------------------------------------------------------
Start Rebuilding User Hierarchy
---------------------------------------------------------------------------------
---------------------------------------------------------------------------------
Finished Rebuilding User Hierarchy : Time (s): cpu = 00:00:35 ; elapsed = 00:00:36 . Memory (MB): peak = 712.152 ; gain = 466.277
---------------------------------------------------------------------------------
---------------------------------------------------------------------------------
Start Renaming Generated Ports
---------------------------------------------------------------------------------
---------------------------------------------------------------------------------
Finished Renaming Generated Ports : Time (s): cpu = 00:00:35 ; elapsed = 00:00:36 . Memory (MB): peak = 712.152 ; gain = 466.277
---------------------------------------------------------------------------------
---------------------------------------------------------------------------------
Start Handling Custom Attributes
---------------------------------------------------------------------------------
---------------------------------------------------------------------------------
Finished Handling Custom Attributes : Time (s): cpu = 00:00:35 ; elapsed = 00:00:36 . Memory (MB): peak = 712.152 ; gain = 466.277
---------------------------------------------------------------------------------
---------------------------------------------------------------------------------
Start Renaming Generated Nets
---------------------------------------------------------------------------------
---------------------------------------------------------------------------------
Finished Renaming Generated Nets : Time (s): cpu = 00:00:35 ; elapsed = 00:00:36 . Memory (MB): peak = 712.152 ; gain = 466.277
---------------------------------------------------------------------------------
---------------------------------------------------------------------------------
Start Writing Synthesis Report
---------------------------------------------------------------------------------

Report BlackBoxes: 
+-+--------------+----------+
| |BlackBox name |Instances |
+-+--------------+----------+
+-+--------------+----------+

Report Cell Usage: 
+------+----------+------+
|      |Cell      |Count |
+------+----------+------+
|1     |CARRY4    |    38|
|2     |DSP48E1   |     4|
|3     |DSP48E1_1 |     1|
|4     |DSP48E1_3 |     1|
|5     |LUT1      |    67|
|6     |LUT2      |   110|
|7     |LUT3      |    23|
|8     |LUT4      |    25|
|9     |LUT5      |    19|
|10    |LUT6      |    24|
|11    |FDRE      |   236|
|12    |FDSE      |    61|
+------+----------+------+

Report Instance Areas: 
+------+-------------------------------------+-------------------------------+------+
|      |Instance                             |Module                         |Cells |
+------+-------------------------------------+-------------------------------+------+
|1     |top                                  |                               |   609|
|2     |  U0                                 |abc2alphaBeta2dq               |   609|
|3     |    abc2alphaBeta2dq_bkb_U0          |abc2alphaBeta2dq_bkb           |    44|
|4     |      abc2alphaBeta2dq_bkb_DSP48_0_U |abc2alphaBeta2dq_bkb_DSP48_0   |    44|
|5     |    abc2alphaBeta2dq_cud_U1          |abc2alphaBeta2dq_cud           |     1|
|6     |      abc2alphaBeta2dq_cud_DSP48_1_U |abc2alphaBeta2dq_cud_DSP48_1_3 |     1|
|7     |    abc2alphaBeta2dq_cud_U2          |abc2alphaBeta2dq_cud_0         |     1|
|8     |      abc2alphaBeta2dq_cud_DSP48_1_U |abc2alphaBeta2dq_cud_DSP48_1_2 |     1|
|9     |    abc2alphaBeta2dq_cud_U3          |abc2alphaBeta2dq_cud_1         |     1|
|10    |      abc2alphaBeta2dq_cud_DSP48_1_U |abc2alphaBeta2dq_cud_DSP48_1   |     1|
|11    |    abc2alphaBeta2dq_dEe_U4          |abc2alphaBeta2dq_dEe           |    22|
|12    |      abc2alphaBeta2dq_dEe_DSP48_2_U |abc2alphaBeta2dq_dEe_DSP48_2   |    22|
+------+-------------------------------------+-------------------------------+------+
---------------------------------------------------------------------------------
Finished Writing Synthesis Report : Time (s): cpu = 00:00:35 ; elapsed = 00:00:36 . Memory (MB): peak = 712.152 ; gain = 466.277
---------------------------------------------------------------------------------
Synthesis finished with 0 errors, 0 critical warnings and 107 warnings.
Synthesis Optimization Runtime : Time (s): cpu = 00:00:23 ; elapsed = 00:00:29 . Memory (MB): peak = 712.152 ; gain = 157.215
Synthesis Optimization Complete : Time (s): cpu = 00:00:35 ; elapsed = 00:00:36 . Memory (MB): peak = 712.152 ; gain = 466.277
INFO: [Project 1-571] Translating synthesized netlist
INFO: [Netlist 29-17] Analyzing 44 Unisim elements for replacement
INFO: [Netlist 29-28] Unisim Transformation completed in 0 CPU seconds
INFO: [Project 1-570] Preparing netlist for logic optimization
INFO: [Opt 31-138] Pushed 0 inverter(s) to 0 load pin(s).
INFO: [Project 1-111] Unisim Transformation Summary:
No Unisim elements were transformed.

83 Infos, 110 Warnings, 0 Critical Warnings and 0 Errors encountered.
synth_design completed successfully
synth_design: Time (s): cpu = 00:00:37 ; elapsed = 00:00:38 . Memory (MB): peak = 712.152 ; gain = 466.906
INFO: [Common 17-1381] The checkpoint 'D:/Projects/PSoC_3ph_f2f/vivado/3ph_f2f_dq_rev0/3ph_f2f_dq_prj/3ph_f2f_dq_prj.runs/pll_abc2alphaBeta2dq_0_0_synth_1/pll_abc2alphaBeta2dq_0_0.dcp' has been generated.
